<?xml version="1.0" encoding="UTF-8"?>
<testsuite name="ReverseStringTest" tests="5" skipped="0" failures="0" errors="0" timestamp="2018-10-12T00:17:00" hostname="annblodgett-NE56R" time="0.007">
  <properties/>
  <testcase name="testAWord" classname="ReverseStringTest" time="0.003"/>
  <testcase name="testAnEmptyString" classname="ReverseStringTest" time="0.0"/>
  <testcase name="testACapitalizedWord" classname="ReverseStringTest" time="0.0"/>
  <testcase name="testASentenceWithPunctuation" classname="ReverseStringTest" time="0.0"/>
  <testcase name="testAPalindrome" classname="ReverseStringTest" time="0.0"/>
  <system-out><![CDATA[]]></system-out>
  <system-err><![CDATA[]]></system-err>
</testsuite>
